{"numTotalTestSuites":83,"numPassedTestSuites":83,"numFailedTestSuites":0,"numPendingTestSuites":0,"numTotalTests":243,"numPassedTests":243,"numFailedTests":0,"numPendingTests":0,"numTodoTests":0,"snapshot":{"added":0,"failure":false,"filesAdded":0,"filesRemoved":0,"filesRemovedList":[],"filesUnmatched":0,"filesUpdated":0,"matched":0,"total":0,"unchecked":0,"uncheckedKeysByFile":[],"unmatched":0,"updated":0,"didUpdate":false},"startTime":1778466898927,"success":true,"testResults":[{"assertionResults":[{"ancestorTitles":["AppError (caja blanca)"],"fullName":"AppError (caja blanca) status por defecto = 400","status":"passed","title":"status por defecto = 400","duration":0.2180000000007567,"failureMessages":[],"meta":{}},{"ancestorTitles":["AppError (caja blanca)"],"fullName":"AppError (caja blanca) permite status y code personalizados","status":"passed","title":"permite status y code personalizados","duration":0.10570000000006985,"failureMessages":[],"meta":{}},{"ancestorTitles":["AppError (caja blanca)"],"fullName":"AppError (caja blanca) conserva la traza para detectar instanceof","status":"passed","title":"conserva la traza para detectar instanceof","duration":0.11019999999916763,"failureMessages":[],"meta":{}}],"startTime":1778466923830,"endTime":1778466923831.11,"status":"passed","message":"","name":"D:/GitHub/inventario_peluqueria/tests/unit/AppError.test.ts"},{"assertionResults":[{"ancestorTitles":["hasPermiso (caja blanca - matriz de equivalencia)"],"fullName":"hasPermiso (caja blanca - matriz de equivalencia) retorna false si permisos undefined o vacíos","status":"passed","title":"retorna false si permisos undefined o vacíos","duration":0.16830000000118162,"failureMessages":[],"meta":{}},{"ancestorTitles":["hasPermiso (caja blanca - matriz de equivalencia)"],"fullName":"hasPermiso (caja blanca - matriz de equivalencia) \"*\" otorga acceso a cualquier módulo","status":"passed","title":"\"*\" otorga acceso a cualquier módulo","duration":0.09579999999914435,"failureMessages":[],"meta":{}},{"ancestorTitles":["hasPermiso (caja blanca - matriz de equivalencia)"],"fullName":"hasPermiso (caja blanca - matriz de equivalencia) permiso explícito coincide con el módulo solicitado","status":"passed","title":"permiso explícito coincide con el módulo solicitado","duration":0.08819999999832362,"failureMessages":[],"meta":{}},{"ancestorTitles":["hasPermiso (caja blanca - matriz de equivalencia)"],"fullName":"hasPermiso (caja blanca - matriz de equivalencia) compatibilidad: 'compras'/'pedidos_proveedores' otorga 'pedidos'","status":"passed","title":"compatibilidad: 'compras'/'pedidos_proveedores' otorga 'pedidos'","duration":0.10020000000076834,"failureMessages":[],"meta":{}},{"ancestorTitles":["hasPermiso (caja blanca - matriz de equivalencia)"],"fullName":"hasPermiso (caja blanca - matriz de equivalencia) compatibilidad: 'pedidos' otorga 'pedidos_proveedores' y 'proveedores'","status":"passed","title":"compatibilidad: 'pedidos' otorga 'pedidos_proveedores' y 'proveedores'","duration":0.07939999999871361,"failureMessages":[],"meta":{}},{"ancestorTitles":["hasPermiso (caja blanca - matriz de equivalencia)"],"fullName":"hasPermiso (caja blanca - matriz de equivalencia) permisos no relacionados retornan false","status":"passed","title":"permisos no relacionados retornan false","duration":0.06790000000182772,"failureMessages":[],"meta":{}}],"startTime":1778466923816,"endTime":1778466923817.0793,"status":"passed","message":"","name":"D:/GitHub/inventario_peluqueria/tests/unit/auth.middleware.test.ts"},{"assertionResults":[{"ancestorTitles":["auth.service / bootstrapFirstAdmin (caja blanca)"],"fullName":"auth.service / bootstrapFirstAdmin (caja blanca) crea el primer admin y retorna token + user con rol admin","status":"passed","title":"crea el primer admin y retorna token + user con rol admin","duration":177.0014999999985,"failureMessages":[],"meta":{}},{"ancestorTitles":["auth.service / bootstrapFirstAdmin (caja blanca)"],"fullName":"auth.service / bootstrapFirstAdmin (caja blanca) rechaza bootstrap si ya existe usuario (status 403)","status":"passed","title":"rechaza bootstrap si ya existe usuario (status 403)","duration":179.03420000000187,"failureMessages":[],"meta":{}},{"ancestorTitles":["auth.service / bootstrapFirstAdmin (caja blanca)"],"fullName":"auth.service / bootstrapFirstAdmin (caja blanca) exige email no vacío y password >= 6 chars","status":"passed","title":"exige email no vacío y password >= 6 chars","duration":75.66399999999703,"failureMessages":[],"meta":{}},{"ancestorTitles":["auth.service / bootstrapFirstAdmin (caja blanca)"],"fullName":"auth.service / bootstrapFirstAdmin (caja blanca) hashea la contraseña con bcrypt (no se guarda en claro)","status":"passed","title":"hashea la contraseña con bcrypt (no se guarda en claro)","duration":283.7013999999981,"failureMessages":[],"meta":{}},{"ancestorTitles":["auth.service / login"],"fullName":"auth.service / login login exitoso con credenciales válidas retorna token","status":"passed","title":"login exitoso con credenciales válidas retorna token","duration":281.49549999999726,"failureMessages":[],"meta":{}},{"ancestorTitles":["auth.service / login"],"fullName":"auth.service / login rechaza email inexistente con 401","status":"passed","title":"rechaza email inexistente con 401","duration":177.8110000000015,"failureMessages":[],"meta":{}},{"ancestorTitles":["auth.service / login"],"fullName":"auth.service / login rechaza password incorrecto con 401","status":"passed","title":"rechaza password incorrecto con 401","duration":274.8123000000014,"failureMessages":[],"meta":{}},{"ancestorTitles":["auth.service / login"],"fullName":"auth.service / login rechaza usuario inactivo con 401","status":"passed","title":"rechaza usuario inactivo con 401","duration":181.36019999999917,"failureMessages":[],"meta":{}},{"ancestorTitles":["auth.service / verifyAccessToken"],"fullName":"auth.service / verifyAccessToken decodifica un token válido","status":"passed","title":"decodifica un token válido","duration":177.1895000000004,"failureMessages":[],"meta":{}},{"ancestorTitles":["auth.service / verifyAccessToken"],"fullName":"auth.service / verifyAccessToken rechaza token vacío o inválido con 401","status":"passed","title":"rechaza token vacío o inválido con 401","duration":73.06269999999859,"failureMessages":[],"meta":{}}],"startTime":1778466919418,"endTime":1778466921299.0627,"status":"passed","message":"","name":"D:/GitHub/inventario_peluqueria/tests/unit/auth.service.test.ts"},{"assertionResults":[{"ancestorTitles":["cita.service.create (caja blanca)"],"fullName":"cita.service.create (caja blanca) rechaza si no hay profesional (usuario_id requerido)","status":"passed","title":"rechaza si no hay profesional (usuario_id requerido)","duration":67.40430000000015,"failureMessages":[],"meta":{}},{"ancestorTitles":["cita.service.create (caja blanca)"],"fullName":"cita.service.create (caja blanca) rechaza profesional inactivo o inexistente","status":"passed","title":"rechaza profesional inactivo o inexistente","duration":67.90709999999945,"failureMessages":[],"meta":{}},{"ancestorTitles":["cita.service.create (caja blanca)"],"fullName":"cita.service.create (caja blanca) rechaza inicio sin formato válido (parseMs lanza)","status":"passed","title":"rechaza inicio sin formato válido (parseMs lanza)","duration":72.8043000000007,"failureMessages":[],"meta":{}},{"ancestorTitles":["cita.service.create (caja blanca)"],"fullName":"cita.service.create (caja blanca) rechaza duración < 10 minutos (regla de negocio CITA_DURACION_MINIMA)","status":"passed","title":"rechaza duración < 10 minutos (regla de negocio CITA_DURACION_MINIMA)","duration":72.58770000000004,"failureMessages":[],"meta":{}},{"ancestorTitles":["cita.service.create (caja blanca)"],"fullName":"cita.service.create (caja blanca) rechaza duración no múltiplo de 5 (paso de 5 minutos)","status":"passed","title":"rechaza duración no múltiplo de 5 (paso de 5 minutos)","duration":72.24039999999968,"failureMessages":[],"meta":{}},{"ancestorTitles":["cita.service.create (caja blanca)"],"fullName":"cita.service.create (caja blanca) rechaza inicio que no esté alineado a paso de 5 minutos","status":"passed","title":"rechaza inicio que no esté alineado a paso de 5 minutos","duration":71.26609999999982,"failureMessages":[],"meta":{}},{"ancestorTitles":["cita.service.create (caja blanca)"],"fullName":"cita.service.create (caja blanca) rechaza estado='realizado' al crear (debe pasarse por update)","status":"passed","title":"rechaza estado='realizado' al crear (debe pasarse por update)","duration":71.32769999999982,"failureMessages":[],"meta":{}},{"ancestorTitles":["cita.service.create (caja blanca)"],"fullName":"cita.service.create (caja blanca) crea cita válida en horario laboral","status":"passed","title":"crea cita válida en horario laboral","duration":78.3073000000004,"failureMessages":[],"meta":{}},{"ancestorTitles":["cita.service.create (caja blanca)"],"fullName":"cita.service.create (caja blanca) rechaza solapamiento con otra cita del mismo profesional","status":"passed","title":"rechaza solapamiento con otra cita del mismo profesional","duration":77.82700000000023,"failureMessages":[],"meta":{}},{"ancestorTitles":["cita.service.create (caja blanca)"],"fullName":"cita.service.create (caja blanca) permite solapamiento con DISTINTO profesional","status":"passed","title":"permite solapamiento con DISTINTO profesional","duration":87.80670000000009,"failureMessages":[],"meta":{}},{"ancestorTitles":["cita.service.update / cancelar / delete"],"fullName":"cita.service.update / cancelar / delete update 404 si no existe","status":"passed","title":"update 404 si no existe","duration":65.55000000000018,"failureMessages":[],"meta":{}},{"ancestorTitles":["cita.service.update / cancelar / delete"],"fullName":"cita.service.update / cancelar / delete estado='realizado' exige importe_servicio > 0","status":"passed","title":"estado='realizado' exige importe_servicio > 0","duration":78.15189999999984,"failureMessages":[],"meta":{}},{"ancestorTitles":["cita.service.update / cancelar / delete"],"fullName":"cita.service.update / cancelar / delete cancelar exige motivo y cancelado_por válido","status":"passed","title":"cancelar exige motivo y cancelado_por válido","duration":86.64879999999994,"failureMessages":[],"meta":{}},{"ancestorTitles":["cita.service.update / cancelar / delete"],"fullName":"cita.service.update / cancelar / delete no se puede cancelar dos veces","status":"passed","title":"no se puede cancelar dos veces","duration":83.80130000000008,"failureMessages":[],"meta":{}},{"ancestorTitles":["cita.service.update / cancelar / delete"],"fullName":"cita.service.update / cancelar / delete delete 404 si no existe","status":"passed","title":"delete 404 si no existe","duration":64.47630000000026,"failureMessages":[],"meta":{}},{"ancestorTitles":["cita.service.update / cancelar / delete"],"fullName":"cita.service.update / cancelar / delete delete remueve cita existente","status":"passed","title":"delete remueve cita existente","duration":86.73109999999997,"failureMessages":[],"meta":{}},{"ancestorTitles":["cita.service.list (caja negra - filtros)"],"fullName":"cita.service.list (caja negra - filtros) list sin filtros devuelve todas","status":"passed","title":"list sin filtros devuelve todas","duration":83.75579999999991,"failureMessages":[],"meta":{}},{"ancestorTitles":["cita.service.list (caja negra - filtros)"],"fullName":"cita.service.list (caja negra - filtros) list con desde/hasta filtra por rango","status":"passed","title":"list con desde/hasta filtra por rango","duration":86.90419999999995,"failureMessages":[],"meta":{}}],"startTime":1778466904035,"endTime":1778466905410.9043,"status":"passed","message":"","name":"D:/GitHub/inventario_peluqueria/tests/unit/cita.service.test.ts"},{"assertionResults":[{"ancestorTitles":["cliente.service.create (caja blanca)"],"fullName":"cliente.service.create (caja blanca) crea cliente con nombre","status":"passed","title":"crea cliente con nombre","duration":80.97329999999783,"failureMessages":[],"meta":{}},{"ancestorTitles":["cliente.service.create (caja blanca)"],"fullName":"cliente.service.create (caja blanca) rechaza nombre vacío","status":"passed","title":"rechaza nombre vacío","duration":74.67000000000189,"failureMessages":[],"meta":{}},{"ancestorTitles":["cliente.service.create (caja blanca)"],"fullName":"cliente.service.create (caja blanca) valida formato de email","status":"passed","title":"valida formato de email","duration":78.86360000000059,"failureMessages":[],"meta":{}},{"ancestorTitles":["cliente.service.create (caja blanca)"],"fullName":"cliente.service.create (caja blanca) rechaza teléfono duplicado","status":"passed","title":"rechaza teléfono duplicado","duration":80.4314000000013,"failureMessages":[],"meta":{}},{"ancestorTitles":["cliente.service.create (caja blanca)"],"fullName":"cliente.service.create (caja blanca) rechaza número de documento duplicado","status":"passed","title":"rechaza número de documento duplicado","duration":83.31239999999889,"failureMessages":[],"meta":{}},{"ancestorTitles":["cliente.service.createTemporal"],"fullName":"cliente.service.createTemporal crea cliente ocasional con datos mínimos","status":"passed","title":"crea cliente ocasional con datos mínimos","duration":81.64359999999942,"failureMessages":[],"meta":{}},{"ancestorTitles":["cliente.service.createTemporal"],"fullName":"cliente.service.createTemporal reutiliza si el teléfono ya existe","status":"passed","title":"reutiliza si el teléfono ya existe","duration":82.27880000000005,"failureMessages":[],"meta":{}},{"ancestorTitles":["cliente.service.createTemporalParaCita"],"fullName":"cliente.service.createTemporalParaCita exige nombre y teléfono","status":"passed","title":"exige nombre y teléfono","duration":74.68839999999909,"failureMessages":[],"meta":{}},{"ancestorTitles":["cliente.service.createTemporalParaCita"],"fullName":"cliente.service.createTemporalParaCita retorna id existente si teléfono coincide","status":"passed","title":"retorna id existente si teléfono coincide","duration":81.59399999999732,"failureMessages":[],"meta":{}},{"ancestorTitles":["cliente.service.update / delete"],"fullName":"cliente.service.update / delete 404 al actualizar inexistente","status":"passed","title":"404 al actualizar inexistente","duration":79.125,"failureMessages":[],"meta":{}},{"ancestorTitles":["cliente.service.update / delete"],"fullName":"cliente.service.update / delete 404 al borrar inexistente","status":"passed","title":"404 al borrar inexistente","duration":74.5551000000014,"failureMessages":[],"meta":{}},{"ancestorTitles":["cliente.service.update / delete"],"fullName":"cliente.service.update / delete borra correctamente un cliente existente","status":"passed","title":"borra correctamente un cliente existente","duration":88.23849999999948,"failureMessages":[],"meta":{}}],"startTime":1778466918422,"endTime":1778466919382.2385,"status":"passed","message":"","name":"D:/GitHub/inventario_peluqueria/tests/unit/cliente.service.test.ts"},{"assertionResults":[{"ancestorTitles":["cobranza.service.create (caja blanca)"],"fullName":"cobranza.service.create (caja blanca) rechaza cliente_id ausente","status":"passed","title":"rechaza cliente_id ausente","duration":93.83280000000013,"failureMessages":[],"meta":{}},{"ancestorTitles":["cobranza.service.create (caja blanca)"],"fullName":"cobranza.service.create (caja blanca) rechaza descripcion vacía","status":"passed","title":"rechaza descripcion vacía","duration":76.11989999999969,"failureMessages":[],"meta":{}},{"ancestorTitles":["cobranza.service.create (caja blanca)"],"fullName":"cobranza.service.create (caja blanca) rechaza monto <= 0","status":"passed","title":"rechaza monto <= 0","duration":78.47799999999916,"failureMessages":[],"meta":{}},{"ancestorTitles":["cobranza.service.create (caja blanca)"],"fullName":"cobranza.service.create (caja blanca) crea cobranza con saldo=monto y estado=pendiente","status":"passed","title":"crea cobranza con saldo=monto y estado=pendiente","duration":79.76890000000094,"failureMessages":[],"meta":{}},{"ancestorTitles":["cobranza.service.registrarPago (caja blanca - estado)"],"fullName":"cobranza.service.registrarPago (caja blanca - estado) 404 si la deuda no existe","status":"passed","title":"404 si la deuda no existe","duration":74.77239999999983,"failureMessages":[],"meta":{}},{"ancestorTitles":["cobranza.service.registrarPago (caja blanca - estado)"],"fullName":"cobranza.service.registrarPago (caja blanca - estado) rechaza pago con monto <= 0","status":"passed","title":"rechaza pago con monto <= 0","duration":81.53169999999955,"failureMessages":[],"meta":{}},{"ancestorTitles":["cobranza.service.registrarPago (caja blanca - estado)"],"fullName":"cobranza.service.registrarPago (caja blanca - estado) pago parcial deja estado=pendiente con saldo restante","status":"passed","title":"pago parcial deja estado=pendiente con saldo restante","duration":83.44750000000022,"failureMessages":[],"meta":{}},{"ancestorTitles":["cobranza.service.registrarPago (caja blanca - estado)"],"fullName":"cobranza.service.registrarPago (caja blanca - estado) pago igual o mayor cancela la deuda (estado=cobrado)","status":"passed","title":"pago igual o mayor cancela la deuda (estado=cobrado)","duration":86.09339999999975,"failureMessages":[],"meta":{}},{"ancestorTitles":["cobranza.service.registrarPago (caja blanca - estado)"],"fullName":"cobranza.service.registrarPago (caja blanca - estado) rechaza pago a deuda ya cobrada","status":"passed","title":"rechaza pago a deuda ya cobrada","duration":86.6197000000011,"failureMessages":[],"meta":{}},{"ancestorTitles":["cobranza.service.list"],"fullName":"cobranza.service.list filtra por estado","status":"passed","title":"filtra por estado","duration":88.87380000000121,"failureMessages":[],"meta":{}}],"startTime":1778466912472,"endTime":1778466913301.8738,"status":"passed","message":"","name":"D:/GitHub/inventario_peluqueria/tests/unit/cobranza.service.test.ts"},{"assertionResults":[{"ancestorTitles":["commission.calcularMontoComision (caja blanca - función pura)"],"fullName":"commission.calcularMontoComision (caja blanca - función pura) tipo='porcentaje' aplica el porcentaje al total","status":"passed","title":"tipo='porcentaje' aplica el porcentaje al total","duration":64.35170000000016,"failureMessages":[],"meta":{}},{"ancestorTitles":["commission.calcularMontoComision (caja blanca - función pura)"],"fullName":"commission.calcularMontoComision (caja blanca - función pura) tipo='fijo' devuelve el valor (redondeado a 2 decimales)","status":"passed","title":"tipo='fijo' devuelve el valor (redondeado a 2 decimales)","duration":63.982600000000275,"failureMessages":[],"meta":{}},{"ancestorTitles":["commission.calcularMontoComision (caja blanca - función pura)"],"fullName":"commission.calcularMontoComision (caja blanca - función pura) valores negativos se truncan a 0","status":"passed","title":"valores negativos se truncan a 0","duration":65.57969999999932,"failureMessages":[],"meta":{}},{"ancestorTitles":["commission.calcularMontoComision (caja blanca - función pura)"],"fullName":"commission.calcularMontoComision (caja blanca - función pura) tipo desconocido se trata como porcentaje","status":"passed","title":"tipo desconocido se trata como porcentaje","duration":63.61149999999998,"failureMessages":[],"meta":{}},{"ancestorTitles":["commission.calcularMontoComision (caja blanca - función pura)"],"fullName":"commission.calcularMontoComision (caja blanca - función pura) redondea a 2 decimales","status":"passed","title":"redondea a 2 decimales","duration":64.07399999999961,"failureMessages":[],"meta":{}},{"ancestorTitles":["commission.insertForVenta (caja blanca)"],"fullName":"commission.insertForVenta (caja blanca) inserta comisión calculada por porcentaje","status":"passed","title":"inserta comisión calculada por porcentaje","duration":78.65959999999995,"failureMessages":[],"meta":{}},{"ancestorTitles":["commission.insertForVenta (caja blanca)"],"fullName":"commission.insertForVenta (caja blanca) retorna null si el empleado no existe","status":"passed","title":"retorna null si el empleado no existe","duration":63.86660000000029,"failureMessages":[],"meta":{}},{"ancestorTitles":["commission.insertForVenta (caja blanca)"],"fullName":"commission.insertForVenta (caja blanca) retorna null y no inserta si el monto calculado es 0","status":"passed","title":"retorna null y no inserta si el monto calculado es 0","duration":71.73880000000008,"failureMessages":[],"meta":{}},{"ancestorTitles":["commission.insertForCita / delete*"],"fullName":"commission.insertForCita / delete* insertForCita guarda la comisión asociada a la cita","status":"passed","title":"insertForCita guarda la comisión asociada a la cita","duration":84.0023000000001,"failureMessages":[],"meta":{}},{"ancestorTitles":["commission.insertForCita / delete*"],"fullName":"commission.insertForCita / delete* deleteByVentaId borra la comisión vinculada","status":"passed","title":"deleteByVentaId borra la comisión vinculada","duration":82.15869999999995,"failureMessages":[],"meta":{}},{"ancestorTitles":["commission.list / liquidacion"],"fullName":"commission.list / liquidacion list filtra por empleado y rango","status":"passed","title":"list filtra por empleado y rango","duration":88.00709999999981,"failureMessages":[],"meta":{}},{"ancestorTitles":["commission.list / liquidacion"],"fullName":"commission.list / liquidacion liquidacion rechaza fechas con formato inválido","status":"passed","title":"liquidacion rechaza fechas con formato inválido","duration":67.90869999999995,"failureMessages":[],"meta":{}},{"ancestorTitles":["commission.list / liquidacion"],"fullName":"commission.list / liquidacion liquidacion agrupa comisiones por empleado y devuelve total general","status":"passed","title":"liquidacion agrupa comisiones por empleado y devuelve total general","duration":86.34050000000025,"failureMessages":[],"meta":{}}],"startTime":1778466905445,"endTime":1778466906389.3406,"status":"passed","message":"","name":"D:/GitHub/inventario_peluqueria/tests/unit/commission.service.test.ts"},{"assertionResults":[{"ancestorTitles":["facturaElectronica.emitirParaVenta (caja blanca)"],"fullName":"facturaElectronica.emitirParaVenta (caja blanca) 404 si la venta no existe","status":"passed","title":"404 si la venta no existe","duration":74.54390000000058,"failureMessages":[],"meta":{}},{"ancestorTitles":["facturaElectronica.emitirParaVenta (caja blanca)"],"fullName":"facturaElectronica.emitirParaVenta (caja blanca) emite factura con número correlativo, uuid, hash y totales calculados","status":"passed","title":"emite factura con número correlativo, uuid, hash y totales calculados","duration":101.7436000000016,"failureMessages":[],"meta":{}},{"ancestorTitles":["facturaElectronica.emitirParaVenta (caja blanca)"],"fullName":"facturaElectronica.emitirParaVenta (caja blanca) rechaza emitir factura duplicada para la misma venta (409)","status":"passed","title":"rechaza emitir factura duplicada para la misma venta (409)","duration":103.95219999999972,"failureMessages":[],"meta":{}},{"ancestorTitles":["facturaElectronica.emitirParaVenta (caja blanca)"],"fullName":"facturaElectronica.emitirParaVenta (caja blanca) incrementa el correlativo en cada emisión","status":"passed","title":"incrementa el correlativo en cada emisión","duration":131.19480000000112,"failureMessages":[],"meta":{}},{"ancestorTitles":["facturaElectronica.emitirParaVenta (caja blanca)"],"fullName":"facturaElectronica.emitirParaVenta (caja blanca) genera XML válido con UUID y hash embebidos","status":"passed","title":"genera XML válido con UUID y hash embebidos","duration":104.21019999999953,"failureMessages":[],"meta":{}},{"ancestorTitles":["facturaElectronica.documento"],"fullName":"facturaElectronica.documento 404 si no existe","status":"passed","title":"404 si no existe","duration":76.68449999999939,"failureMessages":[],"meta":{}},{"ancestorTitles":["facturaElectronica.documento"],"fullName":"facturaElectronica.documento formato JSON devuelve content-type application/json","status":"passed","title":"formato JSON devuelve content-type application/json","duration":100.17460000000028,"failureMessages":[],"meta":{}},{"ancestorTitles":["facturaElectronica.list / getById / getByVentaId"],"fullName":"facturaElectronica.list / getById / getByVentaId getById 404 si no existe","status":"passed","title":"getById 404 si no existe","duration":77.1255999999994,"failureMessages":[],"meta":{}},{"ancestorTitles":["facturaElectronica.list / getById / getByVentaId"],"fullName":"facturaElectronica.list / getById / getByVentaId list filtra por rango de fecha_emision","status":"passed","title":"list filtra por rango de fecha_emision","duration":104.4982,"failureMessages":[],"meta":{}},{"ancestorTitles":["facturaElectronica.list / getById / getByVentaId"],"fullName":"facturaElectronica.list / getById / getByVentaId getByVentaId devuelve la factura asociada","status":"passed","title":"getByVentaId devuelve la factura asociada","duration":104.95930000000044,"failureMessages":[],"meta":{}}],"startTime":1778466910432,"endTime":1778466911411.9592,"status":"passed","message":"","name":"D:/GitHub/inventario_peluqueria/tests/unit/facturaElectronica.service.test.ts"},{"assertionResults":[{"ancestorTitles":["finanza.service.createGasto (caja blanca)"],"fullName":"finanza.service.createGasto (caja blanca) rechaza concepto vacío","status":"passed","title":"rechaza concepto vacío","duration":74.51580000000104,"failureMessages":[],"meta":{}},{"ancestorTitles":["finanza.service.createGasto (caja blanca)"],"fullName":"finanza.service.createGasto (caja blanca) rechaza monto no numérico o negativo","status":"passed","title":"rechaza monto no numérico o negativo","duration":76.46429999999964,"failureMessages":[],"meta":{}},{"ancestorTitles":["finanza.service.createGasto (caja blanca)"],"fullName":"finanza.service.createGasto (caja blanca) rechaza categoria_finanza_id inexistente","status":"passed","title":"rechaza categoria_finanza_id inexistente","duration":75.16840000000047,"failureMessages":[],"meta":{}},{"ancestorTitles":["finanza.service.createGasto (caja blanca)"],"fullName":"finanza.service.createGasto (caja blanca) crea gasto con categoría libre (texto)","status":"passed","title":"crea gasto con categoría libre (texto)","duration":78.80639999999948,"failureMessages":[],"meta":{}},{"ancestorTitles":["finanza.service.createGasto (caja blanca)"],"fullName":"finanza.service.createGasto (caja blanca) usa fecha por defecto = hoy si no se pasa","status":"passed","title":"usa fecha por defecto = hoy si no se pasa","duration":77.08760000000075,"failureMessages":[],"meta":{}},{"ancestorTitles":["finanza.service.deleteGasto"],"fullName":"finanza.service.deleteGasto rechaza id inválido","status":"passed","title":"rechaza id inválido","duration":75.29780000000028,"failureMessages":[],"meta":{}},{"ancestorTitles":["finanza.service.deleteGasto"],"fullName":"finanza.service.deleteGasto 404 si no existe","status":"passed","title":"404 si no existe","duration":74.15490000000136,"failureMessages":[],"meta":{}},{"ancestorTitles":["finanza.service.deleteGasto"],"fullName":"finanza.service.deleteGasto borra gasto existente","status":"passed","title":"borra gasto existente","duration":81.05289999999877,"failureMessages":[],"meta":{}},{"ancestorTitles":["finanza.service.flujoCaja"],"fullName":"finanza.service.flujoCaja calcula resultado_neto = ingresos − (gastos + pedidos)","status":"passed","title":"calcula resultado_neto = ingresos − (gastos + pedidos)","duration":89.8205999999991,"failureMessages":[],"meta":{}},{"ancestorTitles":["finanza.service.listGastos"],"fullName":"finanza.service.listGastos lista vacía cuando no hay gastos","status":"passed","title":"lista vacía cuando no hay gastos","duration":73.39639999999781,"failureMessages":[],"meta":{}},{"ancestorTitles":["finanza.service.listGastos"],"fullName":"finanza.service.listGastos filtra por rango de fechas","status":"passed","title":"filtra por rango de fechas","duration":86.86509999999907,"failureMessages":[],"meta":{}}],"startTime":1778466914814,"endTime":1778466915676.865,"status":"passed","message":"","name":"D:/GitHub/inventario_peluqueria/tests/unit/finanza.service.test.ts"},{"assertionResults":[{"ancestorTitles":["inventarioAjuste.registrarAjuste (caja blanca)"],"fullName":"inventarioAjuste.registrarAjuste (caja blanca) rechaza producto_id no numérico","status":"passed","title":"rechaza producto_id no numérico","duration":74.78169999999955,"failureMessages":[],"meta":{}},{"ancestorTitles":["inventarioAjuste.registrarAjuste (caja blanca)"],"fullName":"inventarioAjuste.registrarAjuste (caja blanca) rechaza stock_real negativo","status":"passed","title":"rechaza stock_real negativo","duration":77.12480000000141,"failureMessages":[],"meta":{}},{"ancestorTitles":["inventarioAjuste.registrarAjuste (caja blanca)"],"fullName":"inventarioAjuste.registrarAjuste (caja blanca) 404 si el producto no existe","status":"passed","title":"404 si el producto no existe","duration":73.79840000000331,"failureMessages":[],"meta":{}},{"ancestorTitles":["inventarioAjuste.registrarAjuste (caja blanca)"],"fullName":"inventarioAjuste.registrarAjuste (caja blanca) ajusta a la baja: deja diferencia negativa y nuevo stock","status":"passed","title":"ajusta a la baja: deja diferencia negativa y nuevo stock","duration":89.88360000000102,"failureMessages":[],"meta":{}},{"ancestorTitles":["inventarioAjuste.registrarAjuste (caja blanca)"],"fullName":"inventarioAjuste.registrarAjuste (caja blanca) ajusta al alza: diferencia positiva","status":"passed","title":"ajusta al alza: diferencia positiva","duration":86.47520000000077,"failureMessages":[],"meta":{}},{"ancestorTitles":["inventarioAjuste.registrarAjuste (caja blanca)"],"fullName":"inventarioAjuste.registrarAjuste (caja blanca) normaliza floats (Math.floor) y motivo nulo","status":"passed","title":"normaliza floats (Math.floor) y motivo nulo","duration":86.53949999999895,"failureMessages":[],"meta":{}},{"ancestorTitles":["inventarioAjuste.registrarAjuste (caja blanca)"],"fullName":"inventarioAjuste.registrarAjuste (caja blanca) ajuste idempotente: stock_real == stock actual deja diferencia=0","status":"passed","title":"ajuste idempotente: stock_real == stock actual deja diferencia=0","duration":83.94020000000091,"failureMessages":[],"meta":{}}],"startTime":1778466921334,"endTime":1778466921905.9402,"status":"passed","message":"","name":"D:/GitHub/inventario_peluqueria/tests/unit/inventarioAjuste.service.test.ts"},{"assertionResults":[{"ancestorTitles":["notificacion.service.listar (caja blanca - regla de negocio)"],"fullName":"notificacion.service.listar (caja blanca - regla de negocio) retorna estructura {stock_bajo, citas_proximas} aunque esté vacía","status":"passed","title":"retorna estructura {stock_bajo, citas_proximas} aunque esté vacía","duration":73.68580000000111,"failureMessages":[],"meta":{}},{"ancestorTitles":["notificacion.service.listar (caja blanca - regla de negocio)"],"fullName":"notificacion.service.listar (caja blanca - regla de negocio) incluye productos con stock = 0","status":"passed","title":"incluye productos con stock = 0","duration":77.89919999999984,"failureMessages":[],"meta":{}},{"ancestorTitles":["notificacion.service.listar (caja blanca - regla de negocio)"],"fullName":"notificacion.service.listar (caja blanca - regla de negocio) incluye productos con stock <= stock_minimo (con stock_minimo > 0)","status":"passed","title":"incluye productos con stock <= stock_minimo (con stock_minimo > 0)","duration":77.37099999999919,"failureMessages":[],"meta":{}},{"ancestorTitles":["notificacion.service.listar (caja blanca - regla de negocio)"],"fullName":"notificacion.service.listar (caja blanca - regla de negocio) excluye productos con stock holgado","status":"passed","title":"excluye productos con stock holgado","duration":76.1903000000002,"failureMessages":[],"meta":{}},{"ancestorTitles":["notificacion.service.listar (caja blanca - regla de negocio)"],"fullName":"notificacion.service.listar (caja blanca - regla de negocio) excluye productos con stock_minimo=0 aunque tengan stock>0","status":"passed","title":"excluye productos con stock_minimo=0 aunque tengan stock>0","duration":77.71970000000147,"failureMessages":[],"meta":{}},{"ancestorTitles":["notificacion.service.listar (caja blanca - regla de negocio)"],"fullName":"notificacion.service.listar (caja blanca - regla de negocio) ordena por stock ASC (más críticos primero)","status":"passed","title":"ordena por stock ASC (más críticos primero)","duration":80.58020000000033,"failureMessages":[],"meta":{}},{"ancestorTitles":["notificacion.service.listar (caja blanca - regla de negocio)"],"fullName":"notificacion.service.listar (caja blanca - regla de negocio) incluye citas próximas (≤ 48h) y excluye canceladas","status":"passed","title":"incluye citas próximas (≤ 48h) y excluye canceladas","duration":83.6953999999987,"failureMessages":[],"meta":{}},{"ancestorTitles":["notificacion.service.listar (caja blanca - regla de negocio)"],"fullName":"notificacion.service.listar (caja blanca - regla de negocio) excluye citas más allá de 48 horas","status":"passed","title":"excluye citas más allá de 48 horas","duration":81.86859999999979,"failureMessages":[],"meta":{}}],"startTime":1778466914148,"endTime":1778466914776.8687,"status":"passed","message":"","name":"D:/GitHub/inventario_peluqueria/tests/unit/notificacion.service.test.ts"},{"assertionResults":[{"ancestorTitles":["parseDay (función pura)"],"fullName":"parseDay (función pura) acepta YYYY-MM-DD válido","status":"passed","title":"acepta YYYY-MM-DD válido","duration":252.32979999999998,"failureMessages":[],"meta":{}},{"ancestorTitles":["parseDay (función pura)"],"fullName":"parseDay (función pura) trunca cadenas ISO conservando la fecha","status":"passed","title":"trunca cadenas ISO conservando la fecha","duration":249.91060000000016,"failureMessages":[],"meta":{}},{"ancestorTitles":["parseDay (función pura)"],"fullName":"parseDay (función pura) retorna null para entradas no reconocibles","status":"passed","title":"retorna null para entradas no reconocibles","duration":246.19150000000013,"failureMessages":[],"meta":{}},{"ancestorTitles":["validatePedidoFechasYMontos (caja blanca - reglas)"],"fullName":"validatePedidoFechasYMontos (caja blanca - reglas) acepta caso feliz","status":"passed","title":"acepta caso feliz","duration":257.1151,"failureMessages":[],"meta":{}},{"ancestorTitles":["validatePedidoFechasYMontos (caja blanca - reglas)"],"fullName":"validatePedidoFechasYMontos (caja blanca - reglas) rechaza fecha_pago_con_descuento > fecha_pago_maxima","status":"passed","title":"rechaza fecha_pago_con_descuento > fecha_pago_maxima","duration":242.13589999999976,"failureMessages":[],"meta":{}},{"ancestorTitles":["validatePedidoFechasYMontos (caja blanca - reglas)"],"fullName":"validatePedidoFechasYMontos (caja blanca - reglas) rechaza fecha pedido > fecha_pago_con_descuento","status":"passed","title":"rechaza fecha pedido > fecha_pago_con_descuento","duration":240.9103,"failureMessages":[],"meta":{}},{"ancestorTitles":["validatePedidoFechasYMontos (caja blanca - reglas)"],"fullName":"validatePedidoFechasYMontos (caja blanca - reglas) rechaza fecha pedido > fecha_pago_maxima","status":"passed","title":"rechaza fecha pedido > fecha_pago_maxima","duration":249.73400000000038,"failureMessages":[],"meta":{}},{"ancestorTitles":["validatePedidoFechasYMontos (caja blanca - reglas)"],"fullName":"validatePedidoFechasYMontos (caja blanca - reglas) rechaza valor con descuento > valor sin descuento","status":"passed","title":"rechaza valor con descuento > valor sin descuento","duration":246.68730000000005,"failureMessages":[],"meta":{}},{"ancestorTitles":["validatePedidoFechasYMontos (caja blanca - reglas)"],"fullName":"validatePedidoFechasYMontos (caja blanca - reglas) rechaza valores negativos","status":"passed","title":"rechaza valores negativos","duration":243.08559999999989,"failureMessages":[],"meta":{}},{"ancestorTitles":["indicadorPago (función derivada - estados)"],"fullName":"indicadorPago (función derivada - estados) retorna 'pagado' si estado=pagado","status":"passed","title":"retorna 'pagado' si estado=pagado","duration":246.17039999999997,"failureMessages":[],"meta":{}},{"ancestorTitles":["indicadorPago (función derivada - estados)"],"fullName":"indicadorPago (función derivada - estados) retorna 'parcial' si estado=parcial","status":"passed","title":"retorna 'parcial' si estado=parcial","duration":179.97999999999956,"failureMessages":[],"meta":{}},{"ancestorTitles":["indicadorPago (función derivada - estados)"],"fullName":"indicadorPago (función derivada - estados) retorna 'sin_plazos_configurados' cuando no hay fd ni fm","status":"passed","title":"retorna 'sin_plazos_configurados' cuando no hay fd ni fm","duration":64.08460000000014,"failureMessages":[],"meta":{}},{"ancestorTitles":["indicadorPago (función derivada - estados)"],"fullName":"indicadorPago (función derivada - estados) retorna 'vencido' si hoy > fecha_pago_maxima","status":"passed","title":"retorna 'vencido' si hoy > fecha_pago_maxima","duration":64.12169999999969,"failureMessages":[],"meta":{}},{"ancestorTitles":["indicadorPago (función derivada - estados)"],"fullName":"indicadorPago (función derivada - estados) retorna 'sin_descuento_configurado' cuando solo hay fm en el futuro","status":"passed","title":"retorna 'sin_descuento_configurado' cuando solo hay fm en el futuro","duration":64.18080000000009,"failureMessages":[],"meta":{}},{"ancestorTitles":["pedidoProveedor.service.create (caja blanca - transacción)"],"fullName":"pedidoProveedor.service.create (caja blanca - transacción) rechaza si lineas vacío","status":"passed","title":"rechaza si lineas vacío","duration":78.71669999999995,"failureMessages":[],"meta":{}},{"ancestorTitles":["pedidoProveedor.service.create (caja blanca - transacción)"],"fullName":"pedidoProveedor.service.create (caja blanca - transacción) rechaza si proveedor_id ausente o inexistente","status":"passed","title":"rechaza si proveedor_id ausente o inexistente","duration":65.51069999999982,"failureMessages":[],"meta":{}},{"ancestorTitles":["pedidoProveedor.service.create (caja blanca - transacción)"],"fullName":"pedidoProveedor.service.create (caja blanca - transacción) rechaza línea con cantidad inválida o costo negativo","status":"passed","title":"rechaza línea con cantidad inválida o costo negativo","duration":71.17869999999948,"failureMessages":[],"meta":{}},{"ancestorTitles":["pedidoProveedor.service.create (caja blanca - transacción)"],"fullName":"pedidoProveedor.service.create (caja blanca - transacción) crea pedido, suma stock al producto y registra movimiento ENTRADA","status":"passed","title":"crea pedido, suma stock al producto y registra movimiento ENTRADA","duration":74.9983000000002,"failureMessages":[],"meta":{}},{"ancestorTitles":["pedidoProveedor.service.create (caja blanca - transacción)"],"fullName":"pedidoProveedor.service.create (caja blanca - transacción) crea producto nuevo desde la línea (nuevo_producto)","status":"passed","title":"crea producto nuevo desde la línea (nuevo_producto)","duration":72.03909999999996,"failureMessages":[],"meta":{}},{"ancestorTitles":["pedidoProveedor.service.create (caja blanca - transacción)"],"fullName":"pedidoProveedor.service.create (caja blanca - transacción) rollback: si una línea falla, no se modifica stock de líneas previas","status":"passed","title":"rollback: si una línea falla, no se modifica stock de líneas previas","duration":71.50630000000001,"failureMessages":[],"meta":{}},{"ancestorTitles":["pedidoProveedor.service.updateMeta"],"fullName":"pedidoProveedor.service.updateMeta 404 si no existe","status":"passed","title":"404 si no existe","duration":65.83689999999933,"failureMessages":[],"meta":{}},{"ancestorTitles":["pedidoProveedor.service.updateMeta"],"fullName":"pedidoProveedor.service.updateMeta permite cambiar estado y referencia sin tocar stock","status":"passed","title":"permite cambiar estado y referencia sin tocar stock","duration":80.88410000000022,"failureMessages":[],"meta":{}},{"ancestorTitles":["pedidoProveedor.service.list"],"fullName":"pedidoProveedor.service.list filtra por proveedor_id y referencia","status":"passed","title":"filtra por proveedor_id y referencia","duration":84.15520000000015,"failureMessages":[],"meta":{}}],"startTime":1778466900393,"endTime":1778466903906.1553,"status":"passed","message":"","name":"D:/GitHub/inventario_peluqueria/tests/unit/pedidoProveedor.service.test.ts"},{"assertionResults":[{"ancestorTitles":["producto.service.create (caja blanca)"],"fullName":"producto.service.create (caja blanca) crea producto con campos mínimos (nombre)","status":"passed","title":"crea producto con campos mínimos (nombre)","duration":84.66519999999946,"failureMessages":[],"meta":{}},{"ancestorTitles":["producto.service.create (caja blanca)"],"fullName":"producto.service.create (caja blanca) rechaza nombre vacío","status":"passed","title":"rechaza nombre vacío","duration":73.52939999999944,"failureMessages":[],"meta":{}},{"ancestorTitles":["producto.service.create (caja blanca)"],"fullName":"producto.service.create (caja blanca) rechaza precio_venta < precio_compra","status":"passed","title":"rechaza precio_venta < precio_compra","duration":75.0047999999988,"failureMessages":[],"meta":{}},{"ancestorTitles":["producto.service.create (caja blanca)"],"fullName":"producto.service.create (caja blanca) rechaza código de barras duplicado","status":"passed","title":"rechaza código de barras duplicado","duration":82.13790000000154,"failureMessages":[],"meta":{}},{"ancestorTitles":["producto.service.create (caja blanca)"],"fullName":"producto.service.create (caja blanca) normaliza stock y stock_minimo (Math.floor, mínimo 0)","status":"passed","title":"normaliza stock y stock_minimo (Math.floor, mínimo 0)","duration":81.30190000000039,"failureMessages":[],"meta":{}},{"ancestorTitles":["producto.service.create (caja blanca)"],"fullName":"producto.service.create (caja blanca) acepta proveedor_id válido y descarta inválido","status":"passed","title":"acepta proveedor_id válido y descarta inválido","duration":92.77570000000014,"failureMessages":[],"meta":{}},{"ancestorTitles":["producto.service.update"],"fullName":"producto.service.update 404 si producto no existe","status":"passed","title":"404 si producto no existe","duration":74.45069999999942,"failureMessages":[],"meta":{}},{"ancestorTitles":["producto.service.update"],"fullName":"producto.service.update permite cambiar precio respetando regla compra<=venta","status":"passed","title":"permite cambiar precio respetando regla compra<=venta","duration":89.57619999999952,"failureMessages":[],"meta":{}},{"ancestorTitles":["producto.service.setEstado / delete"],"fullName":"producto.service.setEstado / delete setEstado activo/inactivo cambia el campo","status":"passed","title":"setEstado activo/inactivo cambia el campo","duration":87.24209999999948,"failureMessages":[],"meta":{}},{"ancestorTitles":["producto.service.setEstado / delete"],"fullName":"producto.service.setEstado / delete setEstado rechaza valores fuera del enum","status":"passed","title":"setEstado rechaza valores fuera del enum","duration":79.7520999999997,"failureMessages":[],"meta":{}},{"ancestorTitles":["producto.service.setEstado / delete"],"fullName":"producto.service.setEstado / delete delete remueve el registro","status":"passed","title":"delete remueve el registro","duration":88.35889999999927,"failureMessages":[],"meta":{}},{"ancestorTitles":["producto.service.setEstado / delete"],"fullName":"producto.service.setEstado / delete delete inexistente arroja 404","status":"passed","title":"delete inexistente arroja 404","duration":72.95360000000073,"failureMessages":[],"meta":{}}],"startTime":1778466911447,"endTime":1778466912428.9536,"status":"passed","message":"","name":"D:/GitHub/inventario_peluqueria/tests/unit/producto.service.test.ts"},{"assertionResults":[{"ancestorTitles":["proveedores.service.create (caja blanca)"],"fullName":"proveedores.service.create (caja blanca) crea proveedor válido","status":"passed","title":"crea proveedor válido","duration":70.34180000000015,"failureMessages":[],"meta":{}},{"ancestorTitles":["proveedores.service.create (caja blanca)"],"fullName":"proveedores.service.create (caja blanca) rechaza nombre vacío","status":"passed","title":"rechaza nombre vacío","duration":64.61269999999968,"failureMessages":[],"meta":{}},{"ancestorTitles":["proveedores.service.create (caja blanca)"],"fullName":"proveedores.service.create (caja blanca) rechaza NIT vacío","status":"passed","title":"rechaza NIT vacío","duration":65.50420000000031,"failureMessages":[],"meta":{}},{"ancestorTitles":["proveedores.service.create (caja blanca)"],"fullName":"proveedores.service.create (caja blanca) rechaza email con formato inválido","status":"passed","title":"rechaza email con formato inválido","duration":65.72639999999956,"failureMessages":[],"meta":{}},{"ancestorTitles":["proveedores.service.create (caja blanca)"],"fullName":"proveedores.service.create (caja blanca) rechaza icono_url con esquema inválido","status":"passed","title":"rechaza icono_url con esquema inválido","duration":64.77950000000055,"failureMessages":[],"meta":{}},{"ancestorTitles":["proveedores.service.create (caja blanca)"],"fullName":"proveedores.service.create (caja blanca) rechaza estado fuera del enum","status":"passed","title":"rechaza estado fuera del enum","duration":64.49229999999989,"failureMessages":[],"meta":{}},{"ancestorTitles":["proveedores.service.create (caja blanca)"],"fullName":"proveedores.service.create (caja blanca) rechaza NIT duplicado con 409","status":"passed","title":"rechaza NIT duplicado con 409","duration":69.20430000000033,"failureMessages":[],"meta":{}},{"ancestorTitles":["proveedores.service.create (caja blanca)"],"fullName":"proveedores.service.create (caja blanca) acepta icono_url con http(s) o data:image/","status":"passed","title":"acepta icono_url con http(s) o data:image/","duration":85.94329999999991,"failureMessages":[],"meta":{}},{"ancestorTitles":["proveedores.service.update / patchEstado"],"fullName":"proveedores.service.update / patchEstado 404 si no existe","status":"passed","title":"404 si no existe","duration":65.53660000000036,"failureMessages":[],"meta":{}},{"ancestorTitles":["proveedores.service.update / patchEstado"],"fullName":"proveedores.service.update / patchEstado update conserva valores no enviados","status":"passed","title":"update conserva valores no enviados","duration":73.88740000000053,"failureMessages":[],"meta":{}},{"ancestorTitles":["proveedores.service.update / patchEstado"],"fullName":"proveedores.service.update / patchEstado update rechaza NIT duplicado de otro proveedor","status":"passed","title":"update rechaza NIT duplicado de otro proveedor","duration":72.51879999999983,"failureMessages":[],"meta":{}},{"ancestorTitles":["proveedores.service.update / patchEstado"],"fullName":"proveedores.service.update / patchEstado patchEstado exige body.estado","status":"passed","title":"patchEstado exige body.estado","duration":67.01120000000083,"failureMessages":[],"meta":{}},{"ancestorTitles":["proveedores.service.update / patchEstado"],"fullName":"proveedores.service.update / patchEstado patchEstado cambia activo↔inactivo","status":"passed","title":"patchEstado cambia activo↔inactivo","duration":73.88529999999992,"failureMessages":[],"meta":{}},{"ancestorTitles":["proveedores.service.list (caja negra - filtros)"],"fullName":"proveedores.service.list (caja negra - filtros) oculta inactivos a usuarios sin permiso","status":"passed","title":"oculta inactivos a usuarios sin permiso","duration":76.65489999999954,"failureMessages":[],"meta":{}},{"ancestorTitles":["proveedores.service.list (caja negra - filtros)"],"fullName":"proveedores.service.list (caja negra - filtros) admin con incluirInactivos=true ve los dos","status":"passed","title":"admin con incluirInactivos=true ve los dos","duration":73.77870000000075,"failureMessages":[],"meta":{}},{"ancestorTitles":["proveedores.service.list (caja negra - filtros)"],"fullName":"proveedores.service.list (caja negra - filtros) filtra por search en nombre","status":"passed","title":"filtra por search en nombre","duration":70.32790000000023,"failureMessages":[],"meta":{}},{"ancestorTitles":["proveedores.service.deletePermanently"],"fullName":"proveedores.service.deletePermanently 404 si no existe","status":"passed","title":"404 si no existe","duration":64.42649999999958,"failureMessages":[],"meta":{}},{"ancestorTitles":["proveedores.service.deletePermanently"],"fullName":"proveedores.service.deletePermanently borra proveedor sin pedidos asociados","status":"passed","title":"borra proveedor sin pedidos asociados","duration":72.38839999999982,"failureMessages":[],"meta":{}},{"ancestorTitles":["proveedores.service.deletePermanently"],"fullName":"proveedores.service.deletePermanently rechaza con 409 si tiene pedidos asociados","status":"passed","title":"rechaza con 409 si tiene pedidos asociados","duration":73.97420000000056,"failureMessages":[],"meta":{}}],"startTime":1778466906439,"endTime":1778466907773.974,"status":"passed","message":"","name":"D:/GitHub/inventario_peluqueria/tests/unit/proveedores.service.test.ts"},{"assertionResults":[{"ancestorTitles":["reporte.service.ventasFiltradas"],"fullName":"reporte.service.ventasFiltradas sin filtros devuelve todas las ventas","status":"passed","title":"sin filtros devuelve todas las ventas","duration":106.29920000000129,"failureMessages":[],"meta":{}},{"ancestorTitles":["reporte.service.ventasFiltradas"],"fullName":"reporte.service.ventasFiltradas filtra por rango de fechas","status":"passed","title":"filtra por rango de fechas","duration":105.9439999999995,"failureMessages":[],"meta":{}},{"ancestorTitles":["reporte.service.productosMasVendidos"],"fullName":"reporte.service.productosMasVendidos rankea por unidades vendidas DESC","status":"passed","title":"rankea por unidades vendidas DESC","duration":105.85779999999977,"failureMessages":[],"meta":{}},{"ancestorTitles":["reporte.service.ingresosDiarios"],"fullName":"reporte.service.ingresosDiarios agrupa total por día","status":"passed","title":"agrupa total por día","duration":106.21399999999994,"failureMessages":[],"meta":{}},{"ancestorTitles":["reporte.service.productosRentabilidad"],"fullName":"reporte.service.productosRentabilidad calcula margen = ventas - costo (precio_compra * cantidad)","status":"passed","title":"calcula margen = ventas - costo (precio_compra * cantidad)","duration":106.9984000000004,"failureMessages":[],"meta":{}},{"ancestorTitles":["reporte.service.productosSinRotacion"],"fullName":"reporte.service.productosSinRotacion identifica productos con stock pero sin ventas en N días","status":"passed","title":"identifica productos con stock pero sin ventas en N días","duration":114.04570000000058,"failureMessages":[],"meta":{}},{"ancestorTitles":["reporte.service.dashboard"],"fullName":"reporte.service.dashboard retorna conteos básicos sin lanzar","status":"passed","title":"retorna conteos básicos sin lanzar","duration":113.87490000000071,"failureMessages":[],"meta":{}}],"startTime":1778466913349,"endTime":1778466914108.875,"status":"passed","message":"","name":"D:/GitHub/inventario_peluqueria/tests/unit/reporte.service.test.ts"},{"assertionResults":[{"ancestorTitles":["roles.service.permisosParaRol"],"fullName":"roles.service.permisosParaRol rol 'admin' devuelve ['*'] aunque no esté en DB (fallback de seguridad)","status":"passed","title":"rol 'admin' devuelve ['*'] aunque no esté en DB (fallback de seguridad)","duration":222.20400000000154,"failureMessages":[],"meta":{}},{"ancestorTitles":["roles.service.permisosParaRol"],"fullName":"roles.service.permisosParaRol rol inexistente devuelve []","status":"passed","title":"rol inexistente devuelve []","duration":73.72040000000015,"failureMessages":[],"meta":{}},{"ancestorTitles":["roles.service.permisosParaRol"],"fullName":"roles.service.permisosParaRol rol creado devuelve sus permisos como array","status":"passed","title":"rol creado devuelve sus permisos como array","duration":78.84549999999945,"failureMessages":[],"meta":{}},{"ancestorTitles":["roles.service.create (validaciones)"],"fullName":"roles.service.create (validaciones) rechaza slug con caracteres inválidos","status":"passed","title":"rechaza slug con caracteres inválidos","duration":82.99209999999948,"failureMessages":[],"meta":{}},{"ancestorTitles":["roles.service.create (validaciones)"],"fullName":"roles.service.create (validaciones) rechaza nombre vacío","status":"passed","title":"rechaza nombre vacío","duration":79.38799999999901,"failureMessages":[],"meta":{}},{"ancestorTitles":["roles.service.create (validaciones)"],"fullName":"roles.service.create (validaciones) rechaza el slug 'admin' (reservado)","status":"passed","title":"rechaza el slug 'admin' (reservado)","duration":76.44919999999911,"failureMessages":[],"meta":{}},{"ancestorTitles":["roles.service.create (validaciones)"],"fullName":"roles.service.create (validaciones) rechaza permisos no array","status":"passed","title":"rechaza permisos no array","duration":73.78290000000015,"failureMessages":[],"meta":{}},{"ancestorTitles":["roles.service.create (validaciones)"],"fullName":"roles.service.create (validaciones) rechaza array de permisos vacío","status":"passed","title":"rechaza array de permisos vacío","duration":72.79730000000018,"failureMessages":[],"meta":{}},{"ancestorTitles":["roles.service.create (validaciones)"],"fullName":"roles.service.create (validaciones) rechaza permisos desconocidos","status":"passed","title":"rechaza permisos desconocidos","duration":76.5655999999999,"failureMessages":[],"meta":{}},{"ancestorTitles":["roles.service.create (validaciones)"],"fullName":"roles.service.create (validaciones) rechaza '*' combinado con otros permisos","status":"passed","title":"rechaza '*' combinado con otros permisos","duration":74.98790000000008,"failureMessages":[],"meta":{}},{"ancestorTitles":["roles.service.create (validaciones)"],"fullName":"roles.service.create (validaciones) normaliza alias 'compras'/'pedidos_proveedores'/'proveedores' a 'pedidos'","status":"passed","title":"normaliza alias 'compras'/'pedidos_proveedores'/'proveedores' a 'pedidos'","duration":78.37099999999919,"failureMessages":[],"meta":{}},{"ancestorTitles":["roles.service.create (validaciones)"],"fullName":"roles.service.create (validaciones) rechaza crear el mismo slug dos veces","status":"passed","title":"rechaza crear el mismo slug dos veces","duration":77.943299999999,"failureMessages":[],"meta":{}},{"ancestorTitles":["roles.service.update / delete"],"fullName":"roles.service.update / delete update rol no existente → 404","status":"passed","title":"update rol no existente → 404","duration":74.34019999999873,"failureMessages":[],"meta":{}},{"ancestorTitles":["roles.service.update / delete"],"fullName":"roles.service.update / delete delete del slug 'admin' está prohibido","status":"passed","title":"delete del slug 'admin' está prohibido","duration":73.55789999999979,"failureMessages":[],"meta":{}},{"ancestorTitles":["roles.service.update / delete"],"fullName":"roles.service.update / delete delete falla si hay usuarios con ese rol","status":"passed","title":"delete falla si hay usuarios con ese rol","duration":81.72680000000037,"failureMessages":[],"meta":{}},{"ancestorTitles":["roles.service.update / delete"],"fullName":"roles.service.update / delete delete remueve rol sin usuarios asignados","status":"passed","title":"delete remueve rol sin usuarios asignados","duration":80.62910000000011,"failureMessages":[],"meta":{}},{"ancestorTitles":["roles.service.update / delete"],"fullName":"roles.service.update / delete update permite cambiar nombre y permisos","status":"passed","title":"update permite cambiar nombre y permisos","duration":80.89609999999993,"failureMessages":[],"meta":{}}],"startTime":1778466908890,"endTime":1778466910349.896,"status":"passed","message":"","name":"D:/GitHub/inventario_peluqueria/tests/unit/roles.service.test.ts"},{"assertionResults":[{"ancestorTitles":["venta.service.create (caja blanca - lógica de negocio crítica)"],"fullName":"venta.service.create (caja blanca - lógica de negocio crítica) rechaza venta sin líneas","status":"passed","title":"rechaza venta sin líneas","duration":68.4330000000009,"failureMessages":[],"meta":{}},{"ancestorTitles":["venta.service.create (caja blanca - lógica de negocio crítica)"],"fullName":"venta.service.create (caja blanca - lógica de negocio crítica) requiere usuario_id válido","status":"passed","title":"requiere usuario_id válido","duration":65.52330000000075,"failureMessages":[],"meta":{}},{"ancestorTitles":["venta.service.create (caja blanca - lógica de negocio crítica)"],"fullName":"venta.service.create (caja blanca - lógica de negocio crítica) rechaza vendedor inexistente","status":"passed","title":"rechaza vendedor inexistente","duration":64.06129999999939,"failureMessages":[],"meta":{}},{"ancestorTitles":["venta.service.create (caja blanca - lógica de negocio crítica)"],"fullName":"venta.service.create (caja blanca - lógica de negocio crítica) rechaza producto inexistente en línea","status":"passed","title":"rechaza producto inexistente en línea","duration":70.69909999999982,"failureMessages":[],"meta":{}},{"ancestorTitles":["venta.service.create (caja blanca - lógica de negocio crítica)"],"fullName":"venta.service.create (caja blanca - lógica de negocio crítica) rechaza si stock insuficiente","status":"passed","title":"rechaza si stock insuficiente","duration":71.03130000000056,"failureMessages":[],"meta":{}},{"ancestorTitles":["venta.service.create (caja blanca - lógica de negocio crítica)"],"fullName":"venta.service.create (caja blanca - lógica de negocio crítica) calcula total = sum(cantidad * precio_unitario) y descuenta stock atómicamente","status":"passed","title":"calcula total = sum(cantidad * precio_unitario) y descuenta stock atómicamente","duration":75.52820000000065,"failureMessages":[],"meta":{}},{"ancestorTitles":["venta.service.create (caja blanca - lógica de negocio crítica)"],"fullName":"venta.service.create (caja blanca - lógica de negocio crítica) aplica precio del catálogo si no se especifica precio_unitario","status":"passed","title":"aplica precio del catálogo si no se especifica precio_unitario","duration":76.64699999999903,"failureMessages":[],"meta":{}},{"ancestorTitles":["venta.service.create (caja blanca - lógica de negocio crítica)"],"fullName":"venta.service.create (caja blanca - lógica de negocio crítica) transacción rollback: si la 2da línea falla, no se descuenta stock de la 1ra","status":"passed","title":"transacción rollback: si la 2da línea falla, no se descuenta stock de la 1ra","duration":74.64090000000033,"failureMessages":[],"meta":{}},{"ancestorTitles":["venta.service.create (caja blanca - lógica de negocio crítica)"],"fullName":"venta.service.create (caja blanca - lógica de negocio crítica) rechaza producto inactivo","status":"passed","title":"rechaza producto inactivo","duration":74.28149999999914,"failureMessages":[],"meta":{}},{"ancestorTitles":["venta.service.create (caja blanca - lógica de negocio crítica)"],"fullName":"venta.service.create (caja blanca - lógica de negocio crítica) rechaza producto vencido","status":"passed","title":"rechaza producto vencido","duration":73.39949999999953,"failureMessages":[],"meta":{}},{"ancestorTitles":["venta.service.create (caja blanca - lógica de negocio crítica)"],"fullName":"venta.service.create (caja blanca - lógica de negocio crítica) crea movimiento_inventario tipo SALIDA por cada línea","status":"passed","title":"crea movimiento_inventario tipo SALIDA por cada línea","duration":76.10950000000048,"failureMessages":[],"meta":{}},{"ancestorTitles":["venta.service.list / getById"],"fullName":"venta.service.list / getById getById 404 si no existe","status":"passed","title":"getById 404 si no existe","duration":66.05719999999928,"failureMessages":[],"meta":{}},{"ancestorTitles":["venta.service.list / getById"],"fullName":"venta.service.list / getById getById incluye líneas con nombre del producto","status":"passed","title":"getById incluye líneas con nombre del producto","duration":87.31710000000021,"failureMessages":[],"meta":{}},{"ancestorTitles":["venta.service.list / getById"],"fullName":"venta.service.list / getById list filtra por rango de fechas (desde/hasta)","status":"passed","title":"list filtra por rango de fechas (desde/hasta)","duration":80.90349999999853,"failureMessages":[],"meta":{}}],"startTime":1778466907825,"endTime":1778466908849.9036,"status":"passed","message":"","name":"D:/GitHub/inventario_peluqueria/tests/unit/venta.service.test.ts"},{"assertionResults":[{"ancestorTitles":["API /api/health (caja negra)"],"fullName":"API /api/health (caja negra) GET /api/health responde 200 sin auth","status":"passed","title":"GET /api/health responde 200 sin auth","duration":90.5106999999989,"failureMessages":[],"meta":{}},{"ancestorTitles":["API /api/auth/bootstrap-needed"],"fullName":"API /api/auth/bootstrap-needed retorna true cuando no hay usuarios","status":"passed","title":"retorna true cuando no hay usuarios","duration":76.19250000000102,"failureMessages":[],"meta":{}},{"ancestorTitles":["API /api/auth/bootstrap-needed"],"fullName":"API /api/auth/bootstrap-needed retorna false cuando ya existe al menos uno","status":"passed","title":"retorna false cuando ya existe al menos uno","duration":81.24750000000131,"failureMessages":[],"meta":{}},{"ancestorTitles":["API /api/auth/bootstrap (POST)"],"fullName":"API /api/auth/bootstrap (POST) 201 al crear el primer admin","status":"passed","title":"201 al crear el primer admin","duration":186.58200000000215,"failureMessages":[],"meta":{}},{"ancestorTitles":["API /api/auth/bootstrap (POST)"],"fullName":"API /api/auth/bootstrap (POST) 400 si password es muy corto","status":"passed","title":"400 si password es muy corto","duration":77.247800000001,"failureMessages":[],"meta":{}},{"ancestorTitles":["API /api/auth/bootstrap (POST)"],"fullName":"API /api/auth/bootstrap (POST) 403 cuando ya hay un usuario","status":"passed","title":"403 cuando ya hay un usuario","duration":79.91059999999925,"failureMessages":[],"meta":{}},{"ancestorTitles":["API /api/auth/login (POST)"],"fullName":"API /api/auth/login (POST) 200 con credenciales válidas","status":"passed","title":"200 con credenciales válidas","duration":81.80459999999948,"failureMessages":[],"meta":{}},{"ancestorTitles":["API /api/auth/login (POST)"],"fullName":"API /api/auth/login (POST) 401 con password incorrecto","status":"passed","title":"401 con password incorrecto","duration":81.3786,"failureMessages":[],"meta":{}},{"ancestorTitles":["API /api/auth/login (POST)"],"fullName":"API /api/auth/login (POST) 401 con email inexistente","status":"passed","title":"401 con email inexistente","duration":81.40849999999773,"failureMessages":[],"meta":{}},{"ancestorTitles":["API /api/auth/login (POST)"],"fullName":"API /api/auth/login (POST) 401 si faltan campos","status":"passed","title":"401 si faltan campos","duration":84.53759999999966,"failureMessages":[],"meta":{}},{"ancestorTitles":["API protección JWT (middleware)"],"fullName":"API protección JWT (middleware) 401 si no se envía Authorization","status":"passed","title":"401 si no se envía Authorization","duration":76.83840000000055,"failureMessages":[],"meta":{}},{"ancestorTitles":["API protección JWT (middleware)"],"fullName":"API protección JWT (middleware) 401 si Authorization no es Bearer válido","status":"passed","title":"401 si Authorization no es Bearer válido","duration":76.57740000000194,"failureMessages":[],"meta":{}},{"ancestorTitles":["API protección JWT (middleware)"],"fullName":"API protección JWT (middleware) 401 si token JWT es inválido","status":"passed","title":"401 si token JWT es inválido","duration":75.52599999999802,"failureMessages":[],"meta":{}},{"ancestorTitles":["API protección JWT (middleware)"],"fullName":"API protección JWT (middleware) 200 con Bearer válido","status":"passed","title":"200 con Bearer válido","duration":82.32459999999992,"failureMessages":[],"meta":{}}],"startTime":1778466916087,"endTime":1778466917319.3247,"status":"passed","message":"","name":"D:/GitHub/inventario_peluqueria/tests/integration/auth.api.test.ts"},{"assertionResults":[{"ancestorTitles":["API /api/clientes (caja negra)"],"fullName":"API /api/clientes (caja negra) GET lista vacía inicial","status":"passed","title":"GET lista vacía inicial","duration":81.29080000000249,"failureMessages":[],"meta":{}},{"ancestorTitles":["API /api/clientes (caja negra)"],"fullName":"API /api/clientes (caja negra) POST crea cliente con nombre","status":"passed","title":"POST crea cliente con nombre","duration":90.3117999999995,"failureMessages":[],"meta":{}},{"ancestorTitles":["API /api/clientes (caja negra)"],"fullName":"API /api/clientes (caja negra) POST 400 sin nombre","status":"passed","title":"POST 400 sin nombre","duration":82.09540000000197,"failureMessages":[],"meta":{}},{"ancestorTitles":["API /api/clientes (caja negra)"],"fullName":"API /api/clientes (caja negra) POST 400 con email inválido","status":"passed","title":"POST 400 con email inválido","duration":81.90959999999905,"failureMessages":[],"meta":{}},{"ancestorTitles":["API /api/clientes (caja negra)"],"fullName":"API /api/clientes (caja negra) POST 400 con teléfono duplicado","status":"passed","title":"POST 400 con teléfono duplicado","duration":90.52599999999802,"failureMessages":[],"meta":{}},{"ancestorTitles":["API /api/clientes (caja negra)"],"fullName":"API /api/clientes (caja negra) GET ?q=texto filtra por nombre","status":"passed","title":"GET ?q=texto filtra por nombre","duration":103.31460000000152,"failureMessages":[],"meta":{}},{"ancestorTitles":["API /api/clientes (caja negra)"],"fullName":"API /api/clientes (caja negra) PUT actualiza cliente existente","status":"passed","title":"PUT actualiza cliente existente","duration":96.66040000000066,"failureMessages":[],"meta":{}},{"ancestorTitles":["API /api/clientes (caja negra)"],"fullName":"API /api/clientes (caja negra) DELETE remueve cliente","status":"passed","title":"DELETE remueve cliente","duration":99.5044999999991,"failureMessages":[],"meta":{}},{"ancestorTitles":["API /api/clientes (caja negra)"],"fullName":"API /api/clientes (caja negra) requiere auth (401 sin token)","status":"passed","title":"requiere auth (401 sin token)","duration":81.06399999999849,"failureMessages":[],"meta":{}}],"startTime":1778466922706,"endTime":1778466923513.064,"status":"passed","message":"","name":"D:/GitHub/inventario_peluqueria/tests/integration/clientes.api.test.ts"},{"assertionResults":[{"ancestorTitles":["API /api/productos (caja negra - CRUD)"],"fullName":"API /api/productos (caja negra - CRUD) GET retorna lista vacía inicial","status":"passed","title":"GET retorna lista vacía inicial","duration":81.13060000000041,"failureMessages":[],"meta":{}},{"ancestorTitles":["API /api/productos (caja negra - CRUD)"],"fullName":"API /api/productos (caja negra - CRUD) POST crea producto válido y devuelve 200/201 con id","status":"passed","title":"POST crea producto válido y devuelve 200/201 con id","duration":87.84540000000197,"failureMessages":[],"meta":{}},{"ancestorTitles":["API /api/productos (caja negra - CRUD)"],"fullName":"API /api/productos (caja negra - CRUD) POST 400 si falta nombre","status":"passed","title":"POST 400 si falta nombre","duration":80.94259999999849,"failureMessages":[],"meta":{}},{"ancestorTitles":["API /api/productos (caja negra - CRUD)"],"fullName":"API /api/productos (caja negra - CRUD) POST 400 si precio_venta < precio_compra","status":"passed","title":"POST 400 si precio_venta < precio_compra","duration":81.89909999999873,"failureMessages":[],"meta":{}},{"ancestorTitles":["API /api/productos (caja negra - CRUD)"],"fullName":"API /api/productos (caja negra - CRUD) POST 400 con código de barras duplicado","status":"passed","title":"POST 400 con código de barras duplicado","duration":90.2489999999998,"failureMessages":[],"meta":{}},{"ancestorTitles":["API /api/productos (caja negra - CRUD)"],"fullName":"API /api/productos (caja negra - CRUD) PUT actualiza producto existente","status":"passed","title":"PUT actualiza producto existente","duration":103.20869999999923,"failureMessages":[],"meta":{}},{"ancestorTitles":["API /api/productos (caja negra - CRUD)"],"fullName":"API /api/productos (caja negra - CRUD) PUT 404 si id no existe","status":"passed","title":"PUT 404 si id no existe","duration":82.19640000000072,"failureMessages":[],"meta":{}},{"ancestorTitles":["API /api/productos (caja negra - CRUD)"],"fullName":"API /api/productos (caja negra - CRUD) DELETE elimina producto y siguiente GET no lo encuentra","status":"passed","title":"DELETE elimina producto y siguiente GET no lo encuentra","duration":101.36309999999867,"failureMessages":[],"meta":{}},{"ancestorTitles":["API /api/productos (caja negra - CRUD)"],"fullName":"API /api/productos (caja negra - CRUD) DELETE 404 si id no existe","status":"passed","title":"DELETE 404 si id no existe","duration":108.37700000000041,"failureMessages":[],"meta":{}},{"ancestorTitles":["API /api/productos (caja negra - CRUD)"],"fullName":"API /api/productos (caja negra - CRUD) rechaza id no numérico con 400","status":"passed","title":"rechaza id no numérico con 400","duration":88.928100000001,"failureMessages":[],"meta":{}},{"ancestorTitles":["API /api/productos (caja negra - CRUD)"],"fullName":"API /api/productos (caja negra - CRUD) requiere autenticación (401 sin token)","status":"passed","title":"requiere autenticación (401 sin token)","duration":81.36569999999847,"failureMessages":[],"meta":{}}],"startTime":1778466917395,"endTime":1778466918382.3657,"status":"passed","message":"","name":"D:/GitHub/inventario_peluqueria/tests/integration/productos.api.test.ts"},{"assertionResults":[{"ancestorTitles":["DEF-002 / Rate limiting en /api/auth/login"],"fullName":"DEF-002 / Rate limiting en /api/auth/login bloquea con 429 tras superar el límite (10 intentos en 15 min)","status":"passed","title":"bloquea con 429 tras superar el límite (10 intentos en 15 min)","duration":112.03759999999966,"failureMessages":[],"meta":{}},{"ancestorTitles":["DEF-002 / Rate limiting en /api/auth/login"],"fullName":"DEF-002 / Rate limiting en /api/auth/login login exitoso no consume cuota (skipSuccessfulRequests)","status":"passed","title":"login exitoso no consume cuota (skipSuccessfulRequests)","duration":102.51740000000063,"failureMessages":[],"meta":{}}],"startTime":1778466923576,"endTime":1778466923790.5173,"status":"passed","message":"","name":"D:/GitHub/inventario_peluqueria/tests/integration/rate-limit.api.test.ts"},{"assertionResults":[{"ancestorTitles":["API /api/ventas (caja negra - flujo POS)"],"fullName":"API /api/ventas (caja negra - flujo POS) POST crea venta con líneas, descuenta stock y devuelve total correcto","status":"passed","title":"POST crea venta con líneas, descuenta stock y devuelve total correcto","duration":108.21440000000075,"failureMessages":[],"meta":{}},{"ancestorTitles":["API /api/ventas (caja negra - flujo POS)"],"fullName":"API /api/ventas (caja negra - flujo POS) POST 400 si lineas está vacío","status":"passed","title":"POST 400 si lineas está vacío","duration":85.19780000000173,"failureMessages":[],"meta":{}},{"ancestorTitles":["API /api/ventas (caja negra - flujo POS)"],"fullName":"API /api/ventas (caja negra - flujo POS) POST 400 si stock insuficiente","status":"passed","title":"POST 400 si stock insuficiente","duration":84.47420000000056,"failureMessages":[],"meta":{}},{"ancestorTitles":["API /api/ventas (caja negra - flujo POS)"],"fullName":"API /api/ventas (caja negra - flujo POS) POST 400 si producto no existe","status":"passed","title":"POST 400 si producto no existe","duration":82.97689999999784,"failureMessages":[],"meta":{}},{"ancestorTitles":["API /api/ventas (caja negra - flujo POS)"],"fullName":"API /api/ventas (caja negra - flujo POS) GET /api/ventas/:id 404 si no existe","status":"passed","title":"GET /api/ventas/:id 404 si no existe","duration":81.70260000000053,"failureMessages":[],"meta":{}},{"ancestorTitles":["API /api/ventas (caja negra - flujo POS)"],"fullName":"API /api/ventas (caja negra - flujo POS) GET /api/ventas lista todas las ventas creadas","status":"passed","title":"GET /api/ventas lista todas las ventas creadas","duration":146.6237000000001,"failureMessages":[],"meta":{}},{"ancestorTitles":["API /api/ventas (caja negra - flujo POS)"],"fullName":"API /api/ventas (caja negra - flujo POS) requiere auth (401 sin token)","status":"passed","title":"requiere auth (401 sin token)","duration":84.51080000000002,"failureMessages":[],"meta":{}}],"startTime":1778466921967,"endTime":1778466922641.5107,"status":"passed","message":"","name":"D:/GitHub/inventario_peluqueria/tests/integration/ventas.api.test.ts"}]}